0 info it worked if it ends with ok
1 verbose cli [ 'C:\\Program Files\\nodejs\\node.exe',
1 verbose cli   'C:\\Program Files\\nodejs\\node_modules\\npm\\bin\\npm-cli.js',
1 verbose cli   'start' ]
2 info using npm@3.7.3
3 info using node@v5.8.0
4 verbose run-script [ 'prestart', 'start', 'poststart' ]
5 info lifecycle hapitest@1.0.0~prestart: hapitest@1.0.0
6 silly lifecycle hapitest@1.0.0~prestart: no script for prestart, continuing
7 info lifecycle hapitest@1.0.0~start: hapitest@1.0.0
8 verbose lifecycle hapitest@1.0.0~start: unsafe-perm in lifecycle true
9 verbose lifecycle hapitest@1.0.0~start: PATH: C:\Program Files\nodejs\node_modules\npm\bin\node-gyp-bin;E:\data\NABIL\sampingan\magang\hapijs\hapitest\node_modules\.bin;C:\Program Files\nodejs;E:\data\nabil\sampingan\magang\enseval\web\oracle\app\maryatimth\product\11.2.0\client_1;E:\data\nabil\sampingan\magang\enseval\web\oracle\app\maryatimth\product\11.2.0\client_1\bin;C:\ProgramData\Oracle\Java\javapath;C:\Windows\system32;C:\Windows;C:\Windows\System32\Wbem;C:\Windows\System32\WindowsPowerShell\v1.0\;C:\Program Files\nodejs\;C:\xampp\php;C:\ProgramData\ComposerSetup\bin;C:\Program Files\Microsoft SQL Server\120\Tools\Binn\;C:\Program Files\Microsoft SQL Server\130\Tools\Binn\;C:\Program Files (x86)\MiKTeX 2.9\miktex\bin\;C:\Program Files (x86)\Skype\Phone\;C:\Program Files\Microsoft\Web Platform Installer\;C:\Program Files\Microsoft DNX\Dnvm\;C:\Program Files (x86)\Microsoft SQL Server\110\DTS\Binn\;C:\Program Files (x86)\Microsoft SQL Server\120\DTS\Binn\;C:\Program Files (x86)\Microsoft SQL Server\130\DTS\Binn\;C:\Program Files (x86)\Windows Kits\10\Windows Performance Toolkit\;C:\Program Files\Git\cmd;C:\Program Files (x86)\PuTTY\;C:\Ruby200-x64\bin;C:\Ruby23-x64\bin;C:\Users\maryatimth\AppData\Roaming\npm;C:\Users\maryatimth\AppData\Local\.meteor\;C:\adb;C:\Program Files (x86)\GtkSharp\2.12\bin;C:\WINDOWS\system32;C:\WINDOWS;C:\WINDOWS\System32\Wbem;C:\WINDOWS\System32\WindowsPowerShell\v1.0\;C:\Program Files\dotnet\;C:\Users\maryatimth\AppData\Roaming\Composer\vendor\bin;C:\Users\maryatimth\AppData\Local\Microsoft\WindowsApps
10 verbose lifecycle hapitest@1.0.0~start: CWD: E:\data\NABIL\sampingan\magang\hapijs\hapitest
11 silly lifecycle hapitest@1.0.0~start: Args: [ '/d /s /c', 'index.js' ]
12 silly lifecycle hapitest@1.0.0~start: Returned: code: 1  signal: null
13 info lifecycle hapitest@1.0.0~start: Failed to exec start script
14 verbose stack Error: hapitest@1.0.0 start: `index.js`
14 verbose stack Exit status 1
14 verbose stack     at EventEmitter.<anonymous> (C:\Program Files\nodejs\node_modules\npm\lib\utils\lifecycle.js:239:16)
14 verbose stack     at emitTwo (events.js:100:13)
14 verbose stack     at EventEmitter.emit (events.js:185:7)
14 verbose stack     at ChildProcess.<anonymous> (C:\Program Files\nodejs\node_modules\npm\lib\utils\spawn.js:24:14)
14 verbose stack     at emitTwo (events.js:100:13)
14 verbose stack     at ChildProcess.emit (events.js:185:7)
14 verbose stack     at maybeClose (internal/child_process.js:850:16)
14 verbose stack     at Process.ChildProcess._handle.onexit (internal/child_process.js:215:5)
15 verbose pkgid hapitest@1.0.0
16 verbose cwd E:\data\NABIL\sampingan\magang\hapijs\hapitest
17 error Windows_NT 10.0.14393
18 error argv "C:\\Program Files\\nodejs\\node.exe" "C:\\Program Files\\nodejs\\node_modules\\npm\\bin\\npm-cli.js" "start"
19 error node v5.8.0
20 error npm  v3.7.3
21 error code ELIFECYCLE
22 error hapitest@1.0.0 start: `index.js`
22 error Exit status 1
23 error Failed at the hapitest@1.0.0 start script 'index.js'.
23 error Make sure you have the latest version of node.js and npm installed.
23 error If you do, this is most likely a problem with the hapitest package,
23 error not with npm itself.
23 error Tell the author that this fails on your system:
23 error     index.js
23 error You can get information on how to open an issue for this project with:
23 error     npm bugs hapitest
23 error Or if that isn't available, you can get their info via:
23 error     npm owner ls hapitest
23 error There is likely additional logging output above.
24 verbose exit [ 1, true ]
